<?xml version="1.0" encoding="UTF-8"?>
<testng-results ignored="0" total="1" passed="1" failed="0" skipped="0">
  <reporter-output>
  </reporter-output>
  <suite started-at="2022-10-04T13:17:48 IST" name="Suite" finished-at="2022-10-04T13:18:12 IST" duration-ms="23997">
    <groups>
    </groups>
    <test started-at="2022-10-04T13:17:48 IST" name="Test" finished-at="2022-10-04T13:18:12 IST" duration-ms="23997">
      <class name="testNgDemos.democlass">
        <test-method signature="login_Test()[pri:0, instance:testNgDemos.democlass@3c407114]" started-at="2022-10-04T13:17:48 IST" name="login_Test" finished-at="2022-10-04T13:18:12 IST" duration-ms="23896" status="PASS">
          <reporter-output>
          </reporter-output>
        </test-method> <!-- login_Test -->
      </class> <!-- testNgDemos.democlass -->
    </test> <!-- Test -->
  </suite> <!-- Suite -->
</testng-results>
