<?xml version="1.0" encoding="UTF-8"?>
<testng-results ignored="0" total="1" passed="1" failed="0" skipped="0">
  <reporter-output>
  </reporter-output>
  <suite started-at="2022-09-27T11:56:38 IST" name="Default suite" finished-at="2022-09-27T11:56:55 IST" duration-ms="16759">
    <groups>
    </groups>
    <test started-at="2022-09-27T11:56:38 IST" name="Default test" finished-at="2022-09-27T11:56:55 IST" duration-ms="16759">
      <class name="testNgDemos.democlass">
        <test-method signature="login_Test()[pri:0, instance:testNgDemos.democlass@f736069]" started-at="2022-09-27T11:56:38 IST" name="login_Test" finished-at="2022-09-27T11:56:55 IST" duration-ms="16682" status="PASS">
          <reporter-output>
          </reporter-output>
        </test-method> <!-- login_Test -->
      </class> <!-- testNgDemos.democlass -->
    </test> <!-- Default test -->
  </suite> <!-- Default suite -->
</testng-results>
